0 info it worked if it ends with ok
1 verbose cli [ 'C:\\Program Files\\nodejs\\node.exe',
1 verbose cli   'C:\\Program Files\\nodejs\\node_modules\\npm\\bin\\npm-cli.js',
1 verbose cli   'install',
1 verbose cli   'collection' ]
2 info using npm@3.10.9
3 info using node@v6.9.2
4 silly loadCurrentTree Starting
5 silly install loadCurrentTree
6 silly install readLocalPackageData
7 silly fetchPackageMetaData collection
8 silly fetchNamedPackageData collection
9 silly mapToRegistry name collection
10 silly mapToRegistry using default registry
11 silly mapToRegistry registry https://registry.npmjs.org/
12 silly mapToRegistry data Result {
12 silly mapToRegistry   raw: 'collection',
12 silly mapToRegistry   scope: null,
12 silly mapToRegistry   escapedName: 'collection',
12 silly mapToRegistry   name: 'collection',
12 silly mapToRegistry   rawSpec: '',
12 silly mapToRegistry   spec: 'latest',
12 silly mapToRegistry   type: 'tag' }
13 silly mapToRegistry uri https://registry.npmjs.org/collection
14 verbose request uri https://registry.npmjs.org/collection
15 verbose request no auth needed
16 info attempt registry request try #1 at 9:53:31 AM
17 verbose request id fc0322c59f24b411
18 verbose etag "59b4d412-9b49"
19 verbose lastModified Sun, 10 Sep 2017 5:56:34 GMT
20 http request GET https://registry.npmjs.org/collection
21 http 304 https://registry.npmjs.org/collection
22 verbose headers { date: 'Thu, 11 Jan 2018 14:53:31 GMT',
22 verbose headers   via: '1.1 varnish',
22 verbose headers   'cache-control': 'max-age=300',
22 verbose headers   etag: '"59b4d412-9b49"',
22 verbose headers   age: '927',
22 verbose headers   connection: 'keep-alive',
22 verbose headers   'x-served-by': 'cache-jfk8151-JFK',
22 verbose headers   'x-cache': 'HIT',
22 verbose headers   'x-cache-hits': '1',
22 verbose headers   'x-timer': 'S1515682411.373384,VS0,VE1',
22 verbose headers   vary: 'Accept-Encoding, Accept' }
23 silly get cb [ 304,
23 silly get   { date: 'Thu, 11 Jan 2018 14:53:31 GMT',
23 silly get     via: '1.1 varnish',
23 silly get     'cache-control': 'max-age=300',
23 silly get     etag: '"59b4d412-9b49"',
23 silly get     age: '927',
23 silly get     connection: 'keep-alive',
23 silly get     'x-served-by': 'cache-jfk8151-JFK',
23 silly get     'x-cache': 'HIT',
23 silly get     'x-cache-hits': '1',
23 silly get     'x-timer': 'S1515682411.373384,VS0,VE1',
23 silly get     vary: 'Accept-Encoding, Accept' } ]
24 verbose etag https://registry.npmjs.org/collection from cache
25 verbose get saving collection to C:\Users\akutluozen\AppData\Roaming\npm-cache\registry.npmjs.org\collection\.cache.json
26 verbose correctMkdir C:\Users\akutluozen\AppData\Roaming\npm-cache correctMkdir not in flight; initializing
27 silly install normalizeTree
28 silly loadCurrentTree Finishing
29 silly loadIdealTree Starting
30 silly install loadIdealTree
31 silly cloneCurrentTree Starting
32 silly install cloneCurrentTreeToIdealTree
33 silly cloneCurrentTree Finishing
34 silly loadShrinkwrap Starting
35 silly install loadShrinkwrap
36 silly loadShrinkwrap Finishing
37 silly loadAllDepsIntoIdealTree Starting
38 silly install loadAllDepsIntoIdealTree
39 silly resolveWithNewModule collection@0.1.6 checking installable status
40 silly cache add args [ 'collection', null ]
41 verbose cache add spec collection
42 silly cache add parsed spec Result {
42 silly cache add   raw: 'collection',
42 silly cache add   scope: null,
42 silly cache add   escapedName: 'collection',
42 silly cache add   name: 'collection',
42 silly cache add   rawSpec: '',
42 silly cache add   spec: 'latest',
42 silly cache add   type: 'tag' }
43 silly addNamed collection@latest
44 verbose addNamed "latest" is being treated as a dist-tag for collection
45 info addNameTag [ 'collection', 'latest' ]
46 silly mapToRegistry name collection
47 silly mapToRegistry using default registry
48 silly mapToRegistry registry https://registry.npmjs.org/
49 silly mapToRegistry data Result {
49 silly mapToRegistry   raw: 'collection',
49 silly mapToRegistry   scope: null,
49 silly mapToRegistry   escapedName: 'collection',
49 silly mapToRegistry   name: 'collection',
49 silly mapToRegistry   rawSpec: '',
49 silly mapToRegistry   spec: 'latest',
49 silly mapToRegistry   type: 'tag' }
50 silly mapToRegistry uri https://registry.npmjs.org/collection
51 verbose addNameTag registry:https://registry.npmjs.org/collection not in flight; fetching
52 verbose get https://registry.npmjs.org/collection not expired, no request
53 silly addNameTag next cb for collection with tag latest
54 silly addNamed collection@0.1.6
55 verbose addNamed "0.1.6" is a plain semver version for collection
56 silly cache afterAdd collection@0.1.6
57 verbose afterAdd C:\Users\akutluozen\AppData\Roaming\npm-cache\collection\0.1.6\package\package.json not in flight; writing
58 verbose correctMkdir C:\Users\akutluozen\AppData\Roaming\npm-cache correctMkdir not in flight; initializing
59 verbose afterAdd C:\Users\akutluozen\AppData\Roaming\npm-cache\collection\0.1.6\package\package.json written
60 silly fetchNamedPackageData bindings
61 silly mapToRegistry name bindings
62 silly mapToRegistry using default registry
63 silly mapToRegistry registry https://registry.npmjs.org/
64 silly mapToRegistry data Result {
64 silly mapToRegistry   raw: 'bindings',
64 silly mapToRegistry   scope: null,
64 silly mapToRegistry   escapedName: 'bindings',
64 silly mapToRegistry   name: 'bindings',
64 silly mapToRegistry   rawSpec: '',
64 silly mapToRegistry   spec: 'latest',
64 silly mapToRegistry   type: 'tag' }
65 silly mapToRegistry uri https://registry.npmjs.org/bindings
66 verbose request uri https://registry.npmjs.org/bindings
67 verbose request no auth needed
68 info attempt registry request try #1 at 9:53:31 AM
69 verbose etag "5a1d3205-4c42"
70 verbose lastModified Tue, 28 Nov 2017 9:53:09 GMT
71 http request GET https://registry.npmjs.org/bindings
72 http 304 https://registry.npmjs.org/bindings
73 verbose headers { date: 'Thu, 11 Jan 2018 14:53:31 GMT',
73 verbose headers   via: '1.1 varnish',
73 verbose headers   'cache-control': 'max-age=300',
73 verbose headers   etag: '"5a1d3205-4c42"',
73 verbose headers   age: '5592',
73 verbose headers   connection: 'keep-alive',
73 verbose headers   'x-served-by': 'cache-jfk8151-JFK',
73 verbose headers   'x-cache': 'HIT',
73 verbose headers   'x-cache-hits': '9',
73 verbose headers   'x-timer': 'S1515682412.622909,VS0,VE0',
73 verbose headers   vary: 'Accept-Encoding, Accept' }
74 silly get cb [ 304,
74 silly get   { date: 'Thu, 11 Jan 2018 14:53:31 GMT',
74 silly get     via: '1.1 varnish',
74 silly get     'cache-control': 'max-age=300',
74 silly get     etag: '"5a1d3205-4c42"',
74 silly get     age: '5592',
74 silly get     connection: 'keep-alive',
74 silly get     'x-served-by': 'cache-jfk8151-JFK',
74 silly get     'x-cache': 'HIT',
74 silly get     'x-cache-hits': '9',
74 silly get     'x-timer': 'S1515682412.622909,VS0,VE0',
74 silly get     vary: 'Accept-Encoding, Accept' } ]
75 verbose etag https://registry.npmjs.org/bindings from cache
76 verbose get saving bindings to C:\Users\akutluozen\AppData\Roaming\npm-cache\registry.npmjs.org\bindings\.cache.json
77 verbose correctMkdir C:\Users\akutluozen\AppData\Roaming\npm-cache correctMkdir not in flight; initializing
78 silly resolveWithNewModule bindings@1.3.0 checking installable status
79 silly cache add args [ 'bindings@latest', null ]
80 verbose cache add spec bindings@latest
81 silly cache add parsed spec Result {
81 silly cache add   raw: 'bindings@latest',
81 silly cache add   scope: null,
81 silly cache add   escapedName: 'bindings',
81 silly cache add   name: 'bindings',
81 silly cache add   rawSpec: 'latest',
81 silly cache add   spec: 'latest',
81 silly cache add   type: 'tag' }
82 silly addNamed bindings@latest
83 verbose addNamed "latest" is being treated as a dist-tag for bindings
84 info addNameTag [ 'bindings', 'latest' ]
85 silly mapToRegistry name bindings
86 silly mapToRegistry using default registry
87 silly mapToRegistry registry https://registry.npmjs.org/
88 silly mapToRegistry data Result {
88 silly mapToRegistry   raw: 'bindings',
88 silly mapToRegistry   scope: null,
88 silly mapToRegistry   escapedName: 'bindings',
88 silly mapToRegistry   name: 'bindings',
88 silly mapToRegistry   rawSpec: '',
88 silly mapToRegistry   spec: 'latest',
88 silly mapToRegistry   type: 'tag' }
89 silly mapToRegistry uri https://registry.npmjs.org/bindings
90 verbose addNameTag registry:https://registry.npmjs.org/bindings not in flight; fetching
91 verbose get https://registry.npmjs.org/bindings not expired, no request
92 silly addNameTag next cb for bindings with tag latest
93 silly addNamed bindings@1.3.0
94 verbose addNamed "1.3.0" is a plain semver version for bindings
95 silly cache afterAdd bindings@1.3.0
96 verbose afterAdd C:\Users\akutluozen\AppData\Roaming\npm-cache\bindings\1.3.0\package\package.json not in flight; writing
97 verbose correctMkdir C:\Users\akutluozen\AppData\Roaming\npm-cache correctMkdir not in flight; initializing
98 verbose afterAdd C:\Users\akutluozen\AppData\Roaming\npm-cache\bindings\1.3.0\package\package.json written
99 silly loadAllDepsIntoIdealTree Finishing
100 silly loadIdealTree Finishing
101 silly currentTree social-media@1.0.0
101 silly currentTree +-- accepts@1.3.4
101 silly currentTree +-- after@0.8.2
101 silly currentTree +-- amdefine@1.0.1
101 silly currentTree +-- append-field@0.1.0
101 silly currentTree +-- array-flatten@1.1.1
101 silly currentTree +-- arraybuffer.slice@0.0.6
101 silly currentTree +-- async-limiter@1.0.0
101 silly currentTree +-- async@2.6.0
101 silly currentTree +-- aws-sdk@2.163.0
101 silly currentTree +-- backo2@1.0.2
101 silly currentTree +-- base64-arraybuffer@0.1.5
101 silly currentTree +-- base64-js@1.2.1
101 silly currentTree +-- base64id@1.0.0
101 silly currentTree +-- base64url@2.0.0
101 silly currentTree +-- basic-auth@1.0.4
101 silly currentTree +-- bcryptjs@2.4.3
101 silly currentTree +-- better-assert@1.0.2
101 silly currentTree +-- blob@0.0.4
101 silly currentTree +-- bluebird@3.5.0
101 silly currentTree +-- body-parser@1.15.2
101 silly currentTree +-- bson@1.0.4
101 silly currentTree +-- buffer-equal-constant-time@1.0.1
101 silly currentTree +-- buffer-shims@1.0.0
101 silly currentTree +-- buffer@4.9.1
101 silly currentTree +-- busboy@0.2.14
101 silly currentTree | +-- isarray@0.0.1
101 silly currentTree | +-- readable-stream@1.1.14
101 silly currentTree | `-- string_decoder@0.10.31
101 silly currentTree +-- bytes@2.4.0
101 silly currentTree +-- callsite@1.0.0
101 silly currentTree +-- component-bind@1.0.0
101 silly currentTree +-- component-emitter@1.2.1
101 silly currentTree +-- component-inherit@0.0.3
101 silly currentTree +-- concat-stream@1.6.0
101 silly currentTree +-- content-disposition@0.5.2
101 silly currentTree +-- content-type@1.0.4
101 silly currentTree +-- cookie-parser@1.4.3
101 silly currentTree +-- cookie-signature@1.0.6
101 silly currentTree +-- cookie@0.3.1
101 silly currentTree +-- core-js@2.5.1
101 silly currentTree +-- core-util-is@1.0.2
101 silly currentTree +-- crypto-browserify@1.0.9
101 silly currentTree +-- debug@2.2.0
101 silly currentTree +-- depd@1.1.1
101 silly currentTree +-- destroy@1.0.4
101 silly currentTree +-- dicer@0.2.5
101 silly currentTree | +-- isarray@0.0.1
101 silly currentTree | +-- readable-stream@1.1.14
101 silly currentTree | `-- string_decoder@0.10.31
101 silly currentTree +-- ecdsa-sig-formatter@1.0.9
101 silly currentTree +-- ee-first@1.1.1
101 silly currentTree +-- encodeurl@1.0.1
101 silly currentTree +-- engine.io-client@3.1.4
101 silly currentTree | +-- debug@2.6.9
101 silly currentTree | `-- ms@2.0.0
101 silly currentTree +-- engine.io-parser@2.1.1
101 silly currentTree +-- engine.io@3.1.4
101 silly currentTree | +-- accepts@1.3.3
101 silly currentTree | +-- debug@2.6.9
101 silly currentTree | `-- ms@2.0.0
101 silly currentTree +-- es6-promise@3.2.1
101 silly currentTree +-- escape-html@1.0.3
101 silly currentTree +-- etag@1.7.0
101 silly currentTree +-- events@1.1.1
101 silly currentTree +-- express@4.14.1
101 silly currentTree +-- file-type@3.9.0
101 silly currentTree +-- finalhandler@0.5.1
101 silly currentTree | `-- statuses@1.3.1
101 silly currentTree +-- forEachAsync@2.2.1
101 silly currentTree +-- forwarded@0.1.2
101 silly currentTree +-- fresh@0.3.0
101 silly currentTree +-- handlebars@3.0.0
101 silly currentTree | `-- source-map@0.1.43
101 silly currentTree +-- has-binary2@1.0.2
101 silly currentTree | `-- isarray@2.0.1
101 silly currentTree +-- has-cors@1.1.0
101 silly currentTree +-- hbs@3.1.1
101 silly currentTree +-- hooks-fixed@2.0.2
101 silly currentTree +-- http-errors@1.5.1
101 silly currentTree +-- iconv-lite@0.4.13
101 silly currentTree +-- ieee754@1.1.8
101 silly currentTree +-- indexof@0.0.1
101 silly currentTree +-- inherits@2.0.3
101 silly currentTree +-- ipaddr.js@1.4.0
101 silly currentTree +-- isarray@1.0.0
101 silly currentTree +-- jmespath@0.15.0
101 silly currentTree +-- jsonwebtoken@5.7.0
101 silly currentTree +-- jwa@1.1.5
101 silly currentTree +-- jws@3.1.4
101 silly currentTree +-- kareem@1.5.0
101 silly currentTree +-- lodash.foreach@4.5.0
101 silly currentTree +-- lodash.get@4.4.2
101 silly currentTree +-- lodash@4.17.4
101 silly currentTree +-- media-typer@0.3.0
101 silly currentTree +-- merge-descriptors@1.0.1
101 silly currentTree +-- methods@1.1.2
101 silly currentTree +-- mime-db@1.30.0
101 silly currentTree +-- mime-types@2.1.17
101 silly currentTree +-- mime@1.3.4
101 silly currentTree +-- mkdirp@0.5.1
101 silly currentTree | `-- minimist@0.0.8
101 silly currentTree +-- mongodb-core@2.1.17
101 silly currentTree +-- mongodb@2.2.33
101 silly currentTree | `-- readable-stream@2.2.7
101 silly currentTree +-- mongoose-unique-validator@1.0.6
101 silly currentTree +-- mongoose@4.13.6
101 silly currentTree | +-- async@2.1.4
101 silly currentTree | `-- ms@2.0.0
101 silly currentTree +-- morgan@1.6.1
101 silly currentTree | `-- depd@1.0.1
101 silly currentTree +-- mpath@0.3.0
101 silly currentTree +-- mpromise@0.5.5
101 silly currentTree +-- mquery@2.3.3
101 silly currentTree | +-- debug@2.6.9
101 silly currentTree | +-- ms@2.0.0
101 silly currentTree | `-- sliced@0.0.5
101 silly currentTree +-- ms@0.7.1
101 silly currentTree +-- multer-s3@2.7.0
101 silly currentTree +-- multer@1.3.0
101 silly currentTree +-- muri@1.3.0
101 silly currentTree +-- negotiator@0.6.1
101 silly currentTree +-- object-assign@3.0.0
101 silly currentTree +-- object-component@0.0.3
101 silly currentTree +-- on-finished@2.3.0
101 silly currentTree +-- on-headers@1.0.1
101 silly currentTree +-- optimist@0.6.1
101 silly currentTree | `-- minimist@0.0.10
101 silly currentTree +-- parseqs@0.0.5
101 silly currentTree +-- parseuri@0.0.5
101 silly currentTree +-- parseurl@1.3.2
101 silly currentTree +-- path-to-regexp@0.1.7
101 silly currentTree +-- process-nextick-args@1.0.7
101 silly currentTree +-- proxy-addr@1.1.5
101 silly currentTree +-- punycode@1.3.2
101 silly currentTree +-- qs@6.2.0
101 silly currentTree +-- querystring@0.2.0
101 silly currentTree +-- range-parser@1.2.0
101 silly currentTree +-- raw-body@2.1.7
101 silly currentTree +-- readable-stream@2.3.3
101 silly currentTree +-- reflect-metadata@0.1.10
101 silly currentTree +-- regexp-clone@0.0.1
101 silly currentTree +-- require_optional@1.0.1
101 silly currentTree +-- resolve-from@2.0.0
101 silly currentTree +-- run-parallel@1.1.6
101 silly currentTree +-- rxjs@5.5.3
101 silly currentTree +-- safe-buffer@5.1.1
101 silly currentTree +-- sax@1.2.1
101 silly currentTree +-- semver@5.4.1
101 silly currentTree +-- send@0.14.2
101 silly currentTree | +-- ms@0.7.2
101 silly currentTree | `-- statuses@1.3.1
101 silly currentTree +-- sequence@2.2.1
101 silly currentTree +-- serve-favicon@2.3.2
101 silly currentTree | `-- ms@0.7.2
101 silly currentTree +-- serve-static@1.11.2
101 silly currentTree +-- setprototypeof@1.0.2
101 silly currentTree +-- sliced@1.0.1
101 silly currentTree +-- socket.io-adapter@1.1.1
101 silly currentTree +-- socket.io-client@2.0.4
101 silly currentTree | +-- debug@2.6.9
101 silly currentTree | `-- ms@2.0.0
101 silly currentTree +-- socket.io-parser@3.1.2
101 silly currentTree | +-- debug@2.6.9
101 silly currentTree | +-- isarray@2.0.1
101 silly currentTree | `-- ms@2.0.0
101 silly currentTree +-- socket.io@2.0.4
101 silly currentTree | +-- debug@2.6.9
101 silly currentTree | `-- ms@2.0.0
101 silly currentTree +-- statuses@1.4.0
101 silly currentTree +-- streamsearch@0.1.2
101 silly currentTree +-- string_decoder@1.0.3
101 silly currentTree +-- symbol-observable@1.1.0
101 silly currentTree +-- to-array@0.1.4
101 silly currentTree +-- type-is@1.6.15
101 silly currentTree +-- typedarray@0.0.6
101 silly currentTree +-- typescript@2.6.2
101 silly currentTree +-- uglify-js@2.3.6
101 silly currentTree | +-- async@0.2.10
101 silly currentTree | +-- optimist@0.3.7
101 silly currentTree | `-- source-map@0.1.43
101 silly currentTree +-- ultron@1.1.1
101 silly currentTree +-- unpipe@1.0.0
101 silly currentTree +-- url@0.10.3
101 silly currentTree +-- util-deprecate@1.0.2
101 silly currentTree +-- utils-merge@1.0.0
101 silly currentTree +-- uuid@3.1.0
101 silly currentTree +-- uws@0.14.5
101 silly currentTree +-- vary@1.1.2
101 silly currentTree +-- walk@2.2.1
101 silly currentTree +-- wordwrap@0.0.3
101 silly currentTree +-- ws@3.3.3
101 silly currentTree +-- xml2js@0.4.17
101 silly currentTree +-- xmlbuilder@4.2.1
101 silly currentTree +-- xmlhttprequest-ssl@1.5.4
101 silly currentTree +-- xtend@4.0.1
101 silly currentTree +-- yeast@0.1.2
101 silly currentTree `-- zone.js@0.8.18
102 silly idealTree social-media@1.0.0
102 silly idealTree +-- accepts@1.3.4
102 silly idealTree +-- after@0.8.2
102 silly idealTree +-- amdefine@1.0.1
102 silly idealTree +-- append-field@0.1.0
102 silly idealTree +-- array-flatten@1.1.1
102 silly idealTree +-- arraybuffer.slice@0.0.6
102 silly idealTree +-- async-limiter@1.0.0
102 silly idealTree +-- async@2.6.0
102 silly idealTree +-- aws-sdk@2.163.0
102 silly idealTree +-- backo2@1.0.2
102 silly idealTree +-- base64-arraybuffer@0.1.5
102 silly idealTree +-- base64-js@1.2.1
102 silly idealTree +-- base64id@1.0.0
102 silly idealTree +-- base64url@2.0.0
102 silly idealTree +-- basic-auth@1.0.4
102 silly idealTree +-- bcryptjs@2.4.3
102 silly idealTree +-- better-assert@1.0.2
102 silly idealTree +-- bindings@1.3.0
102 silly idealTree +-- blob@0.0.4
102 silly idealTree +-- bluebird@3.5.0
102 silly idealTree +-- body-parser@1.15.2
102 silly idealTree +-- bson@1.0.4
102 silly idealTree +-- buffer-equal-constant-time@1.0.1
102 silly idealTree +-- buffer-shims@1.0.0
102 silly idealTree +-- buffer@4.9.1
102 silly idealTree +-- busboy@0.2.14
102 silly idealTree | +-- isarray@0.0.1
102 silly idealTree | +-- readable-stream@1.1.14
102 silly idealTree | `-- string_decoder@0.10.31
102 silly idealTree +-- bytes@2.4.0
102 silly idealTree +-- callsite@1.0.0
102 silly idealTree +-- collection@0.1.6
102 silly idealTree +-- component-bind@1.0.0
102 silly idealTree +-- component-emitter@1.2.1
102 silly idealTree +-- component-inherit@0.0.3
102 silly idealTree +-- concat-stream@1.6.0
102 silly idealTree +-- content-disposition@0.5.2
102 silly idealTree +-- content-type@1.0.4
102 silly idealTree +-- cookie-parser@1.4.3
102 silly idealTree +-- cookie-signature@1.0.6
102 silly idealTree +-- cookie@0.3.1
102 silly idealTree +-- core-js@2.5.1
102 silly idealTree +-- core-util-is@1.0.2
102 silly idealTree +-- crypto-browserify@1.0.9
102 silly idealTree +-- debug@2.2.0
102 silly idealTree +-- depd@1.1.1
102 silly idealTree +-- destroy@1.0.4
102 silly idealTree +-- dicer@0.2.5
102 silly idealTree | +-- isarray@0.0.1
102 silly idealTree | +-- readable-stream@1.1.14
102 silly idealTree | `-- string_decoder@0.10.31
102 silly idealTree +-- ecdsa-sig-formatter@1.0.9
102 silly idealTree +-- ee-first@1.1.1
102 silly idealTree +-- encodeurl@1.0.1
102 silly idealTree +-- engine.io-client@3.1.4
102 silly idealTree | +-- debug@2.6.9
102 silly idealTree | `-- ms@2.0.0
102 silly idealTree +-- engine.io-parser@2.1.1
102 silly idealTree +-- engine.io@3.1.4
102 silly idealTree | +-- accepts@1.3.3
102 silly idealTree | +-- debug@2.6.9
102 silly idealTree | `-- ms@2.0.0
102 silly idealTree +-- es6-promise@3.2.1
102 silly idealTree +-- escape-html@1.0.3
102 silly idealTree +-- etag@1.7.0
102 silly idealTree +-- events@1.1.1
102 silly idealTree +-- express@4.14.1
102 silly idealTree +-- file-type@3.9.0
102 silly idealTree +-- finalhandler@0.5.1
102 silly idealTree | `-- statuses@1.3.1
102 silly idealTree +-- forEachAsync@2.2.1
102 silly idealTree +-- forwarded@0.1.2
102 silly idealTree +-- fresh@0.3.0
102 silly idealTree +-- handlebars@3.0.0
102 silly idealTree | `-- source-map@0.1.43
102 silly idealTree +-- has-binary2@1.0.2
102 silly idealTree | `-- isarray@2.0.1
102 silly idealTree +-- has-cors@1.1.0
102 silly idealTree +-- hbs@3.1.1
102 silly idealTree +-- hooks-fixed@2.0.2
102 silly idealTree +-- http-errors@1.5.1
102 silly idealTree +-- iconv-lite@0.4.13
102 silly idealTree +-- ieee754@1.1.8
102 silly idealTree +-- indexof@0.0.1
102 silly idealTree +-- inherits@2.0.3
102 silly idealTree +-- ipaddr.js@1.4.0
102 silly idealTree +-- isarray@1.0.0
102 silly idealTree +-- jmespath@0.15.0
102 silly idealTree +-- jsonwebtoken@5.7.0
102 silly idealTree +-- jwa@1.1.5
102 silly idealTree +-- jws@3.1.4
102 silly idealTree +-- kareem@1.5.0
102 silly idealTree +-- lodash.foreach@4.5.0
102 silly idealTree +-- lodash.get@4.4.2
102 silly idealTree +-- lodash@4.17.4
102 silly idealTree +-- media-typer@0.3.0
102 silly idealTree +-- merge-descriptors@1.0.1
102 silly idealTree +-- methods@1.1.2
102 silly idealTree +-- mime-db@1.30.0
102 silly idealTree +-- mime-types@2.1.17
102 silly idealTree +-- mime@1.3.4
102 silly idealTree +-- mkdirp@0.5.1
102 silly idealTree | `-- minimist@0.0.8
102 silly idealTree +-- mongodb-core@2.1.17
102 silly idealTree +-- mongodb@2.2.33
102 silly idealTree | `-- readable-stream@2.2.7
102 silly idealTree +-- mongoose-unique-validator@1.0.6
102 silly idealTree +-- mongoose@4.13.6
102 silly idealTree | +-- async@2.1.4
102 silly idealTree | `-- ms@2.0.0
102 silly idealTree +-- morgan@1.6.1
102 silly idealTree | `-- depd@1.0.1
102 silly idealTree +-- mpath@0.3.0
102 silly idealTree +-- mpromise@0.5.5
102 silly idealTree +-- mquery@2.3.3
102 silly idealTree | +-- debug@2.6.9
102 silly idealTree | +-- ms@2.0.0
102 silly idealTree | `-- sliced@0.0.5
102 silly idealTree +-- ms@0.7.1
102 silly idealTree +-- multer-s3@2.7.0
102 silly idealTree +-- multer@1.3.0
102 silly idealTree +-- muri@1.3.0
102 silly idealTree +-- negotiator@0.6.1
102 silly idealTree +-- object-assign@3.0.0
102 silly idealTree +-- object-component@0.0.3
102 silly idealTree +-- on-finished@2.3.0
102 silly idealTree +-- on-headers@1.0.1
102 silly idealTree +-- optimist@0.6.1
102 silly idealTree | `-- minimist@0.0.10
102 silly idealTree +-- parseqs@0.0.5
102 silly idealTree +-- parseuri@0.0.5
102 silly idealTree +-- parseurl@1.3.2
102 silly idealTree +-- path-to-regexp@0.1.7
102 silly idealTree +-- process-nextick-args@1.0.7
102 silly idealTree +-- proxy-addr@1.1.5
102 silly idealTree +-- punycode@1.3.2
102 silly idealTree +-- qs@6.2.0
102 silly idealTree +-- querystring@0.2.0
102 silly idealTree +-- range-parser@1.2.0
102 silly idealTree +-- raw-body@2.1.7
102 silly idealTree +-- readable-stream@2.3.3
102 silly idealTree +-- reflect-metadata@0.1.10
102 silly idealTree +-- regexp-clone@0.0.1
102 silly idealTree +-- require_optional@1.0.1
102 silly idealTree +-- resolve-from@2.0.0
102 silly idealTree +-- run-parallel@1.1.6
102 silly idealTree +-- rxjs@5.5.3
102 silly idealTree +-- safe-buffer@5.1.1
102 silly idealTree +-- sax@1.2.1
102 silly idealTree +-- semver@5.4.1
102 silly idealTree +-- send@0.14.2
102 silly idealTree | +-- ms@0.7.2
102 silly idealTree | `-- statuses@1.3.1
102 silly idealTree +-- sequence@2.2.1
102 silly idealTree +-- serve-favicon@2.3.2
102 silly idealTree | `-- ms@0.7.2
102 silly idealTree +-- serve-static@1.11.2
102 silly idealTree +-- setprototypeof@1.0.2
102 silly idealTree +-- sliced@1.0.1
102 silly idealTree +-- socket.io-adapter@1.1.1
102 silly idealTree +-- socket.io-client@2.0.4
102 silly idealTree | +-- debug@2.6.9
102 silly idealTree | `-- ms@2.0.0
102 silly idealTree +-- socket.io-parser@3.1.2
102 silly idealTree | +-- debug@2.6.9
102 silly idealTree | +-- isarray@2.0.1
102 silly idealTree | `-- ms@2.0.0
102 silly idealTree +-- socket.io@2.0.4
102 silly idealTree | +-- debug@2.6.9
102 silly idealTree | `-- ms@2.0.0
102 silly idealTree +-- statuses@1.4.0
102 silly idealTree +-- streamsearch@0.1.2
102 silly idealTree +-- string_decoder@1.0.3
102 silly idealTree +-- symbol-observable@1.1.0
102 silly idealTree +-- to-array@0.1.4
102 silly idealTree +-- type-is@1.6.15
102 silly idealTree +-- typedarray@0.0.6
102 silly idealTree +-- typescript@2.6.2
102 silly idealTree +-- uglify-js@2.3.6
102 silly idealTree | +-- async@0.2.10
102 silly idealTree | +-- optimist@0.3.7
102 silly idealTree | `-- source-map@0.1.43
102 silly idealTree +-- ultron@1.1.1
102 silly idealTree +-- unpipe@1.0.0
102 silly idealTree +-- url@0.10.3
102 silly idealTree +-- util-deprecate@1.0.2
102 silly idealTree +-- utils-merge@1.0.0
102 silly idealTree +-- uuid@3.1.0
102 silly idealTree +-- uws@0.14.5
102 silly idealTree +-- vary@1.1.2
102 silly idealTree +-- walk@2.2.1
102 silly idealTree +-- wordwrap@0.0.3
102 silly idealTree +-- ws@3.3.3
102 silly idealTree +-- xml2js@0.4.17
102 silly idealTree +-- xmlbuilder@4.2.1
102 silly idealTree +-- xmlhttprequest-ssl@1.5.4
102 silly idealTree +-- xtend@4.0.1
102 silly idealTree +-- yeast@0.1.2
102 silly idealTree `-- zone.js@0.8.18
103 silly generateActionsToTake Starting
104 silly install generateActionsToTake
105 silly generateActionsToTake Finishing
106 silly diffTrees action count 2
107 silly diffTrees add bindings@1.3.0
108 silly diffTrees add collection@0.1.6
109 silly decomposeActions action count 16
110 silly decomposeActions fetch bindings@1.3.0
111 silly decomposeActions extract bindings@1.3.0
112 silly decomposeActions test bindings@1.3.0
113 silly decomposeActions preinstall bindings@1.3.0
114 silly decomposeActions build bindings@1.3.0
115 silly decomposeActions install bindings@1.3.0
116 silly decomposeActions postinstall bindings@1.3.0
117 silly decomposeActions finalize bindings@1.3.0
118 silly decomposeActions fetch collection@0.1.6
119 silly decomposeActions extract collection@0.1.6
120 silly decomposeActions test collection@0.1.6
121 silly decomposeActions preinstall collection@0.1.6
122 silly decomposeActions build collection@0.1.6
123 silly decomposeActions install collection@0.1.6
124 silly decomposeActions postinstall collection@0.1.6
125 silly decomposeActions finalize collection@0.1.6
126 silly runTopLevelLifecycles Starting
127 silly executeActions Starting
128 silly install executeActions
129 silly doSerial global-install 0
130 silly doParallel fetch 2
131 verbose correctMkdir C:\Users\akutluozen\AppData\Roaming\npm-cache\_locks correctMkdir not in flight; initializing
132 verbose lock using C:\Users\akutluozen\AppData\Roaming\npm-cache\_locks\staging-da4fd0a64f9ddf94.lock for C:\Users\akutluozen\Desktop\Work\sm\Backend\node_modules\.staging
133 silly doParallel extract 2
134 silly extract bindings@1.3.0
135 silly extract collection@0.1.6
136 verbose unbuild node_modules\.staging\bindings-f1262145
137 verbose unbuild node_modules\.staging\collection-b741bfc9
138 silly gentlyRm C:\Users\akutluozen\Desktop\Work\sm\Backend\node_modules\.staging\bindings-f1262145 is being purged from base C:\Users\akutluozen\Desktop\Work\sm\Backend
139 verbose gentlyRm don't care about contents; nuking C:\Users\akutluozen\Desktop\Work\sm\Backend\node_modules\.staging\bindings-f1262145
140 silly gentlyRm C:\Users\akutluozen\Desktop\Work\sm\Backend\node_modules\.staging\collection-b741bfc9 is being purged from base C:\Users\akutluozen\Desktop\Work\sm\Backend
141 verbose gentlyRm don't care about contents; nuking C:\Users\akutluozen\Desktop\Work\sm\Backend\node_modules\.staging\collection-b741bfc9
142 verbose tar unpack C:\Users\akutluozen\AppData\Roaming\npm-cache\bindings\1.3.0\package.tgz
143 verbose tar unpacking to C:\Users\akutluozen\Desktop\Work\sm\Backend\node_modules\.staging\bindings-f1262145
144 silly gentlyRm C:\Users\akutluozen\Desktop\Work\sm\Backend\node_modules\.staging\bindings-f1262145 is being purged
145 verbose gentlyRm don't care about contents; nuking C:\Users\akutluozen\Desktop\Work\sm\Backend\node_modules\.staging\bindings-f1262145
146 verbose tar unpack C:\Users\akutluozen\AppData\Roaming\npm-cache\collection\0.1.6\package.tgz
147 verbose tar unpacking to C:\Users\akutluozen\Desktop\Work\sm\Backend\node_modules\.staging\collection-b741bfc9
148 silly gentlyRm C:\Users\akutluozen\Desktop\Work\sm\Backend\node_modules\.staging\collection-b741bfc9 is being purged
149 verbose gentlyRm don't care about contents; nuking C:\Users\akutluozen\Desktop\Work\sm\Backend\node_modules\.staging\collection-b741bfc9
150 silly gunzTarPerm modes [ '777', '666' ]
151 silly gunzTarPerm modes [ '777', '666' ]
152 silly gunzTarPerm extractEntry package.json
153 silly gunzTarPerm modified mode [ 'package.json', 420, 438 ]
154 silly gunzTarPerm extractEntry package.json
155 silly gunzTarPerm modified mode [ 'package.json', 420, 438 ]
156 silly gunzTarPerm extractEntry README.md
157 silly gunzTarPerm modified mode [ 'README.md', 420, 438 ]
158 silly gunzTarPerm extractEntry bindings.js
159 silly gunzTarPerm modified mode [ 'bindings.js', 420, 438 ]
160 silly gunzTarPerm extractEntry README.md
161 silly gunzTarPerm modified mode [ 'README.md', 420, 438 ]
162 silly gunzTarPerm extractEntry lib/collection.js
163 silly gunzTarPerm modified mode [ 'lib/collection.js', 420, 438 ]
164 silly gunzTarPerm extractEntry build/Makefile
165 silly gunzTarPerm modified mode [ 'build/Makefile', 420, 438 ]
166 silly gunzTarPerm extractEntry build/NativeTypes.target.mk
167 silly gunzTarPerm modified mode [ 'build/NativeTypes.target.mk', 420, 438 ]
168 silly gunzTarPerm extractEntry build/Release/.deps/Release/NativeTypes.node.d
169 silly gunzTarPerm modified mode [ 'build/Release/.deps/Release/NativeTypes.node.d', 420, 438 ]
170 silly gunzTarPerm extractEntry build/Release/.deps/Release/obj.target/NativeTypes/src/Map.o.d
171 silly gunzTarPerm modified mode [ 'build/Release/.deps/Release/obj.target/NativeTypes/src/Map.o.d',
171 silly gunzTarPerm   420,
171 silly gunzTarPerm   438 ]
172 silly gunzTarPerm extractEntry build/Release/.deps/Release/obj.target/NativeTypes/src/NativeTypes.o.d
173 silly gunzTarPerm modified mode [ 'build/Release/.deps/Release/obj.target/NativeTypes/src/NativeTypes.o.d',
173 silly gunzTarPerm   420,
173 silly gunzTarPerm   438 ]
174 silly gunzTarPerm extractEntry build/Release/.deps/Release/obj.target/NativeTypes/src/Set.o.d
175 silly gunzTarPerm modified mode [ 'build/Release/.deps/Release/obj.target/NativeTypes/src/Set.o.d',
175 silly gunzTarPerm   420,
175 silly gunzTarPerm   438 ]
176 silly gunzTarPerm extractEntry build/Release/.deps/Release/obj.target/NativeTypes/src/Vector.o.d
177 silly gunzTarPerm modified mode [ 'build/Release/.deps/Release/obj.target/NativeTypes/src/Vector.o.d',
177 silly gunzTarPerm   420,
177 silly gunzTarPerm   438 ]
178 silly gunzTarPerm extractEntry build/Release/.deps/Release/obj.target/NativeTypes/src/common.o.d
179 silly gunzTarPerm modified mode [ 'build/Release/.deps/Release/obj.target/NativeTypes/src/common.o.d',
179 silly gunzTarPerm   420,
179 silly gunzTarPerm   438 ]
180 silly gunzTarPerm extractEntry build/Release/NativeTypes.node
181 silly gunzTarPerm modified mode [ 'build/Release/NativeTypes.node', 493, 511 ]
182 silly gunzTarPerm extractEntry build/Release/linker.lock
183 silly gunzTarPerm modified mode [ 'build/Release/linker.lock', 420, 438 ]
184 silly gentlyRm C:\Users\akutluozen\Desktop\Work\sm\Backend\node_modules\.staging\bindings-f1262145\node_modules is being purged
185 verbose gentlyRm don't care about contents; nuking C:\Users\akutluozen\Desktop\Work\sm\Backend\node_modules\.staging\bindings-f1262145\node_modules
186 silly gunzTarPerm extractEntry build/Release/obj.target/NativeTypes/src/Map.o
187 silly gunzTarPerm modified mode [ 'build/Release/obj.target/NativeTypes/src/Map.o', 420, 438 ]
188 silly gunzTarPerm extractEntry build/Release/obj.target/NativeTypes/src/NativeTypes.o
189 silly gunzTarPerm modified mode [ 'build/Release/obj.target/NativeTypes/src/NativeTypes.o',
189 silly gunzTarPerm   420,
189 silly gunzTarPerm   438 ]
190 silly gunzTarPerm extractEntry build/Release/obj.target/NativeTypes/src/Set.o
191 silly gunzTarPerm modified mode [ 'build/Release/obj.target/NativeTypes/src/Set.o', 420, 438 ]
192 silly gunzTarPerm extractEntry build/Release/obj.target/NativeTypes/src/Vector.o
193 silly gunzTarPerm modified mode [ 'build/Release/obj.target/NativeTypes/src/Vector.o', 420, 438 ]
194 silly gunzTarPerm extractEntry build/Release/obj.target/NativeTypes/src/common.o
195 silly gunzTarPerm modified mode [ 'build/Release/obj.target/NativeTypes/src/common.o', 420, 438 ]
196 silly gunzTarPerm extractEntry build/binding.Makefile
197 silly gunzTarPerm modified mode [ 'build/binding.Makefile', 420, 438 ]
198 silly gunzTarPerm extractEntry build/config.gypi
199 silly gunzTarPerm modified mode [ 'build/config.gypi', 420, 438 ]
200 silly gunzTarPerm extractEntry build/gyp-mac-tool
201 silly gunzTarPerm modified mode [ 'build/gyp-mac-tool', 493, 511 ]
202 silly gunzTarPerm extractEntry src/Map.cc
203 silly gunzTarPerm modified mode [ 'src/Map.cc', 420, 438 ]
204 silly gunzTarPerm extractEntry src/Map.h
205 silly gunzTarPerm modified mode [ 'src/Map.h', 420, 438 ]
206 silly gunzTarPerm extractEntry src/NativeTypes.cc
207 silly gunzTarPerm modified mode [ 'src/NativeTypes.cc', 420, 438 ]
208 silly gunzTarPerm extractEntry src/Set.cc
209 silly gunzTarPerm modified mode [ 'src/Set.cc', 420, 438 ]
210 silly gunzTarPerm extractEntry src/Set.h
211 silly gunzTarPerm modified mode [ 'src/Set.h', 420, 438 ]
212 silly gunzTarPerm extractEntry src/Vector.cc
213 silly gunzTarPerm modified mode [ 'src/Vector.cc', 420, 438 ]
214 silly gunzTarPerm extractEntry src/Vector.h
215 silly gunzTarPerm modified mode [ 'src/Vector.h', 420, 438 ]
216 silly gunzTarPerm extractEntry src/common.cc
217 silly gunzTarPerm modified mode [ 'src/common.cc', 420, 438 ]
218 silly gunzTarPerm extractEntry src/common.h
219 silly gunzTarPerm modified mode [ 'src/common.h', 420, 438 ]
220 silly gunzTarPerm extractEntry binding.gyp
221 silly gunzTarPerm modified mode [ 'binding.gyp', 420, 438 ]
222 silly gunzTarPerm extractEntry test/test-map.js
223 silly gunzTarPerm modified mode [ 'test/test-map.js', 420, 438 ]
224 silly gunzTarPerm extractEntry test/test-set.js
225 silly gunzTarPerm modified mode [ 'test/test-set.js', 420, 438 ]
226 silly gunzTarPerm extractEntry test/test-vector.js
227 silly gunzTarPerm modified mode [ 'test/test-vector.js', 420, 438 ]
228 silly gentlyRm C:\Users\akutluozen\Desktop\Work\sm\Backend\node_modules\.staging\collection-b741bfc9\node_modules is being purged
229 verbose gentlyRm don't care about contents; nuking C:\Users\akutluozen\Desktop\Work\sm\Backend\node_modules\.staging\collection-b741bfc9\node_modules
230 silly doParallel preinstall 2
231 silly preinstall bindings@1.3.0 C:\Users\akutluozen\Desktop\Work\sm\Backend\node_modules\.staging\bindings-f1262145
232 info lifecycle bindings@1.3.0~preinstall: bindings@1.3.0
233 silly preinstall collection@0.1.6 C:\Users\akutluozen\Desktop\Work\sm\Backend\node_modules\.staging\collection-b741bfc9
234 info lifecycle collection@0.1.6~preinstall: collection@0.1.6
235 silly lifecycle bindings@1.3.0~preinstall: no script for preinstall, continuing
236 silly lifecycle collection@0.1.6~preinstall: no script for preinstall, continuing
237 silly doReverseSerial remove 0
238 silly doSerial move 0
239 silly doSerial finalize 2
240 silly finalize C:\Users\akutluozen\Desktop\Work\sm\Backend\node_modules\bindings
241 silly finalize C:\Users\akutluozen\Desktop\Work\sm\Backend\node_modules\collection
242 silly doSerial build 2
243 silly build bindings@1.3.0
244 info linkStuff bindings@1.3.0
245 silly linkStuff bindings@1.3.0 has C:\Users\akutluozen\Desktop\Work\sm\Backend\node_modules as its parent node_modules
246 verbose linkBins bindings@1.3.0
247 verbose linkMans bindings@1.3.0
248 silly build collection@0.1.6
249 info linkStuff collection@0.1.6
250 silly linkStuff collection@0.1.6 has C:\Users\akutluozen\Desktop\Work\sm\Backend\node_modules as its parent node_modules
251 verbose linkBins collection@0.1.6
252 verbose linkMans collection@0.1.6
253 silly doSerial global-link 0
254 silly doParallel update-linked 0
255 silly doSerial install 2
256 silly install bindings@1.3.0 C:\Users\akutluozen\Desktop\Work\sm\Backend\node_modules\.staging\bindings-f1262145
257 info lifecycle bindings@1.3.0~install: bindings@1.3.0
258 silly lifecycle bindings@1.3.0~install: no script for install, continuing
259 silly install collection@0.1.6 C:\Users\akutluozen\Desktop\Work\sm\Backend\node_modules\.staging\collection-b741bfc9
260 info lifecycle collection@0.1.6~install: collection@0.1.6
261 verbose lifecycle collection@0.1.6~install: unsafe-perm in lifecycle true
262 verbose lifecycle collection@0.1.6~install: PATH: C:\Program Files\nodejs\node_modules\npm\bin\node-gyp-bin;C:\Users\akutluozen\Desktop\Work\sm\Backend\node_modules\collection\node_modules\.bin;C:\Users\akutluozen\Desktop\Work\sm\Backend\node_modules\.bin;C:\Program Files\Git\mingw64\bin;C:\Program Files\Git\usr\bin;C:\Users\akutluozen\bin;C:\ProgramData\Oracle\Java\javapath;C:\Program Files (x86)\Intel\iCLS Client;C:\Program Files\Intel\iCLS Client;C:\Windows\system32;C:\Windows;C:\Windows\System32\Wbem;C:\Windows\System32\WindowsPowerShell\v1.0;C:\Program Files\Intel\WiFi\bin;C:\Program Files\Common Files\Intel\WirelessCommon;C:\Program Files (x86)\Common Files\Lenovo;C:\SWTOOLS\ReadyApps;C:\Program Files (x86)\Intel\UCRT;C:\Program Files\Intel\UCRT;C:\Program Files (x86)\Intel\Intel(R) Management Engine Components\DAL;C:\Program Files\Intel\Intel(R) Management Engine Components\DAL;C:\Program Files (x86)\Intel\Intel(R) Management Engine Components\IPT;C:\Program Files\Intel\Intel(R) Management Engine Components\IPT;C:\Program Files\nodejs;C:\Program Files (x86)\PuTTY;C:\Program Files\PuTTY;C:\Program Files\Git\cmd;C:\xampp7\php;C:\ProgramData\ComposerSetup\bin;C:\Program Files\MongoDB\Server\3.4\bin;C:\Program Files (x86)\Notepad++;C:\Users\akutluozen\AppData\Roaming\npm;C:\Program Files\Heroku\bin;C:\Program Files (x86)\Microsoft VS Code\bin;C:\Users\akutluozen\AppData\Roaming\Composer\vendor\bin
263 verbose lifecycle collection@0.1.6~install: CWD: C:\Users\akutluozen\Desktop\Work\sm\Backend\node_modules\collection
264 silly lifecycle collection@0.1.6~install: Args: [ '/d /s /c', 'node-gyp rebuild' ]
265 silly lifecycle collection@0.1.6~install: Returned: code: 1  signal: null
266 info lifecycle collection@0.1.6~install: Failed to exec install script
267 verbose unlock done using C:\Users\akutluozen\AppData\Roaming\npm-cache\_locks\staging-da4fd0a64f9ddf94.lock for C:\Users\akutluozen\Desktop\Work\sm\Backend\node_modules\.staging
268 silly rollbackFailedOptional Starting
269 silly rollbackFailedOptional Finishing
270 silly runTopLevelLifecycles Finishing
271 silly install printInstalled
272 verbose stack Error: collection@0.1.6 install: `node-gyp rebuild`
272 verbose stack Exit status 1
272 verbose stack     at EventEmitter.<anonymous> (C:\Program Files\nodejs\node_modules\npm\lib\utils\lifecycle.js:255:16)
272 verbose stack     at emitTwo (events.js:106:13)
272 verbose stack     at EventEmitter.emit (events.js:191:7)
272 verbose stack     at ChildProcess.<anonymous> (C:\Program Files\nodejs\node_modules\npm\lib\utils\spawn.js:40:14)
272 verbose stack     at emitTwo (events.js:106:13)
272 verbose stack     at ChildProcess.emit (events.js:191:7)
272 verbose stack     at maybeClose (internal/child_process.js:877:16)
272 verbose stack     at Process.ChildProcess._handle.onexit (internal/child_process.js:226:5)
273 verbose pkgid collection@0.1.6
274 verbose cwd C:\Users\akutluozen\Desktop\Work\sm\Backend
275 error Windows_NT 6.1.7601
276 error argv "C:\\Program Files\\nodejs\\node.exe" "C:\\Program Files\\nodejs\\node_modules\\npm\\bin\\npm-cli.js" "install" "collection"
277 error node v6.9.2
278 error npm  v3.10.9
279 error code ELIFECYCLE
280 error collection@0.1.6 install: `node-gyp rebuild`
280 error Exit status 1
281 error Failed at the collection@0.1.6 install script 'node-gyp rebuild'.
281 error Make sure you have the latest version of node.js and npm installed.
281 error If you do, this is most likely a problem with the collection package,
281 error not with npm itself.
281 error Tell the author that this fails on your system:
281 error     node-gyp rebuild
281 error You can get information on how to open an issue for this project with:
281 error     npm bugs collection
281 error Or if that isn't available, you can get their info via:
281 error     npm owner ls collection
281 error There is likely additional logging output above.
282 verbose exit [ 1, true ]
